<?xml version="1.0" encoding="UTF-8"?>
<!-- Generated by org.testng.reporters.JUnitReportReporter -->
<testsuite hostname="Easyway-pc" name="com.payslipsselenium.mounicaview.View" tests="1" failures="0" timestamp="19 Sep 2018 03:40:30 GMT" time="17.721" errors="0">
  <testcase name="addEmployee" time="17.721" classname="com.payslipsselenium.mounicaview.View"/>
</testsuite> <!-- com.payslipsselenium.mounicaview.View -->
