<?xml version="1.0" encoding="UTF-8"?>
<!-- Generated by org.testng.reporters.JUnitReportReporter -->
<testsuite hostname="Easyway-pc" name="com.payslipsselenium.mounicaview.View" tests="4" failures="0" timestamp="27 Jul 2018 11:18:25 GMT" time="127.585" errors="0">
  <testcase name="viewemployeedetails" time="53.254" classname="com.payslipsselenium.mounicaview.View"/>
  <testcase name="viewleavesdeatils" time="24.055" classname="com.payslipsselenium.mounicaview.View"/>
  <testcase name="viewemployeebankdetails" time="23.293" classname="com.payslipsselenium.mounicaview.View"/>
  <testcase name="viewsalarydetails" time="26.983" classname="com.payslipsselenium.mounicaview.View"/>
</testsuite> <!-- com.payslipsselenium.mounicaview.View -->
